p/photo_5_2024-10-31_17-05-57.jpg 1 0 0 240 348
p/photo_4_2024-10-31_17-05-57.jpg 1 0 0 263 653
p/photo_3_2024-10-31_17-05-57.jpg 1 0 0 206 661
p/photo_2_2024-10-31_17-05-57.jpg 1 0 0 443 888
p/photo_2024-10-31_20-09-55.jpg 1 0 0 961 1280
p/photo_2024-10-31_20-09-54.jpg 1 0 0 961 1280
p/photo_1_2024-10-31_17-05-57.jpg 1 0 0 241 643
p/person_1012.jpg 1 0 0 928 998
p/person_1011.jpg 1 0 0 356 382
p/person_1010.jpg 1 0 0 694 742
p/person_1008.jpg 1 0 0 746 530
p/person_1007.jpg 1 0 0 1250 872
p/person_1006.jpg 1 0 0 528 446
p/person_1000.jpg 1 0 0 720 1280
p/image_999.jpg 1 0 0 1920 1080
p/image_998.jpg 1 0 0 846 1329
p/image_997.jpg 1 0 0 1600 1600
p/image_996.jpg 1 0 0 2074 2657
p/image_995.jpg 1 0 0 2000 2000
p/image_994.jpg 1 0 0 731 1349
p/image_993.jpg 1 0 0 1920 1080
p/image_992.jpg 1 0 0 533 800
p/image_991.jpg 1 0 0 522 524
p/image_990.jpg 1 0 0 736 1328
p/image_989.jpg 1 0 0 400 339
p/image_988.jpg 1 0 0 597 898
p/image_987.jpg 1 0 0 411 608
p/image_986.jpg 1 0 0 1280 1792
p/image_985.jpg 1 0 0 2315 2895
p/image_984.jpg 1 0 0 1920 1080
p/image_983.jpg 1 0 0 320 400
p/image_982.jpg 1 0 0 724 966
p/image_981.jpg 1 0 0 1218 1726
p/image_980.jpg 1 0 0 1080 1350
p/image_979.jpg 1 0 0 3539 5309
p/image_978.jpg 1 0 0 626 1084
p/image_977.jpg 1 0 0 465 699
p/image_976.jpg 1 0 0 3168 4752
p/image_975.jpg 1 0 0 1143 1200
p/image_974.jpg 1 0 0 500 750
p/image_973.jpg 1 0 0 433 650
p/image_972.jpg 1 0 0 385 476
p/image_971.jpg 1 0 0 736 1106
p/image_970.jpg 1 0 0 7680 5120
p/image_969.jpg 1 0 0 492 667
p/image_968.jpg 1 0 0 1000 1431
p/image_967.jpg 1 0 0 600 900
p/image_966.jpg 1 0 0 2789 3500
p/image_965.jpg 1 0 0 247 320
p/image_964.jpg 1 0 0 3001 2000
p/image_963.jpg 1 0 0 744 1052
p/image_962.jpg 1 0 0 825 1446
p/image_961.jpg 1 0 0 3168 4752
p/image_960.jpg 1 0 0 1920 1080
p/image_959.jpg 1 0 0 640 762
p/image_958.jpg 1 0 0 5760 5075
p/image_957.jpg 1 0 0 586 741
p/image_956.jpg 1 0 0 720 1080
p/image_955.jpg 1 0 0 3648 5472
p/image_954.jpg 1 0 0 420 460
p/image_953.jpg 1 0 0 768 1024
p/image_952.jpg 1 0 0 1066 1600
p/image_951.jpg 1 0 0 1116 1179
p/image_950.jpg 1 0 0 500 749
p/image_949.jpg 1 0 0 7680 5120
p/image_948.jpg 1 0 0 2126 2361
p/image_947.jpg 1 0 0 640 960
p/image_946.jpg 1 0 0 767 1024
p/image_945.jpg 1 0 0 810 1050
p/image_944.jpg 1 0 0 655 960
p/image_943.jpg 1 0 0 3539 5309
p/image_942.jpg 1 0 0 894 894
p/image_941.jpg 1 0 0 414 648
p/image_940.jpg 1 0 0 600 900
p/image_939.jpg 1 0 0 545 536
p/image_938.jpg 1 0 0 1280 1803
p/image_937.jpg 1 0 0 5120 7680
p/image_936.jpg 1 0 0 1920 1080
p/image_935.jpg 1 0 0 500 708
p/image_934.jpg 1 0 0 3001 2000
p/image_933.jpg 1 0 0 1920 1080
p/image_932.jpg 1 0 0 631 900
p/image_931.jpg 1 0 0 3168 4752
p/image_930.jpg 1 0 0 520 745
p/image_929.jpg 1 0 0 1242 1539
p/image_928.jpg 1 0 0 2930 1648
p/image_927.jpg 1 0 0 1600 1600
p/image_926.jpg 1 0 0 333 499
p/image_925.jpg 1 0 0 3168 4752
p/image_924.jpg 1 0 0 2000 2000
p/image_923.jpg 1 0 0 2880 1800
p/image_922.jpg 1 0 0 7680 5120
p/image_921.jpg 1 0 0 350 500
p/image_920.jpg 1 0 0 644 900
p/image_919.jpg 1 0 0 2315 2895
p/image_918.jpg 1 0 0 1920 1080
p/image_917.jpg 1 0 0 736 1104
p/image_916.jpg 1 0 0 767 1024
p/image_915.jpg 1 0 0 342 447
p/image_914.jpg 1 0 0 974 1435
p/image_913.jpg 1 0 0 3001 2000
p/image_912.jpg 1 0 0 400 339
p/image_911.jpg 1 0 0 736 887
p/image_910.jpg 1 0 0 600 900
p/image_909.jpg 1 0 0 800 1000
p/image_908.jpg 1 0 0 3168 4752
p/image_907.jpg 1 0 0 429 527
p/image_906.jpg 1 0 0 730 1102
p/image_905.jpg 1 0 0 5760 5075
p/image_904.jpg 1 0 0 429 527
p/image_903.jpg 1 0 0 1080 1440
p/image_902.jpg 1 0 0 2930 1648
p/image_901.jpg 1 0 0 411 608
p/image_900.jpg 1 0 0 333 500
p/image_899.jpg 1 0 0 3648 5472
p/image_898.jpg 1 0 0 500 719
p/image_897.jpg 1 0 0 1300 937
p/image_896.jpg 1 0 0 3539 5309
p/image_895.jpg 1 0 0 750 1334
p/image_894.jpg 1 0 0 552 820
p/image_893.jpg 1 0 0 5120 7680
p/image_892.jpg 1 0 0 736 981
p/image_891.jpg 1 0 0 480 720
p/image_890.jpg 1 0 0 3360 3360
p/image_889.jpg 1 0 0 736 981
p/image_888.jpg 1 0 0 961 1200
p/image_887.jpg 1 0 0 4684 4000
p/image_886.jpg 1 0 0 736 981
p/image_885.jpg 1 0 0 736 920
p/image_884.jpg 1 0 0 3001 2000
p/image_883.jpg 1 0 0 313 470
p/image_882.jpg 1 0 0 236 354
p/image_881.jpg 1 0 0 3168 4752
p/image_880.jpg 1 0 0 750 1334
p/image_879.jpg 1 0 0 564 846
p/image_878.jpg 1 0 0 3539 5309
p/image_877.jpg 1 0 0 640 1136
p/image_876.jpg 1 0 0 957 1300
p/image_875.jpg 1 0 0 767 1024
p/image_874.jpg 1 0 0 403 499
p/image_873.jpg 1 0 0 1000 1551
p/image_872.jpg 1 0 0 3168 4752
p/image_871.jpg 1 0 0 429 527
p/image_870.jpg 1 0 0 1080 1350
p/image_869.jpg 1 0 0 600 900
p/image_868.jpg 1 0 0 736 981
p/image_867.jpg 1 0 0 318 480
p/image_866.jpg 1 0 0 7680 5120
p/image_865.jpg 1 0 0 1067 1600
p/image_864.jpg 1 0 0 500 750
p/image_863.jpg 1 0 0 3648 5472
p/image_862.jpg 1 0 0 313 470
p/image_861.jpg 1 0 0 733 1170
p/image_860.jpg 1 0 0 5760 5075
p/image_859.jpg 1 0 0 736 981
p/image_858.jpg 1 0 0 2223 1452
p/image_857.jpg 1 0 0 2930 1648
p/image_856.jpg 1 0 0 403 499
p/image_855.jpg 1 0 0 720 960
p/image_854.jpg 1 0 0 4684 4000
p/image_853.jpg 1 0 0 711 1067
p/image_852.jpg 1 0 0 800 1091
p/image_851.jpg 1 0 0 3539 5309
p/image_850.jpg 1 0 0 420 460
p/image_849.jpg 1 0 0 500 667
p/image_848.jpg 1 0 0 3168 4752
p/image_847.jpg 1 0 0 537 700
p/image_846.jpg 1 0 0 512 492
p/image_845.jpg 1 0 0 3539 5309
p/image_844.jpg 1 0 0 736 981
p/image_843.jpg 1 0 0 3168 4752
p/image_842.jpg 1 0 0 3539 5309
p/image_841.jpg 1 0 0 411 608
p/image_840.jpg 1 0 0 960 1280
p/image_839.jpg 1 0 0 5120 7680
p/image_838.jpg 1 0 0 537 700
p/image_837.jpg 1 0 0 2999 3749
p/image_836.jpg 1 0 0 3648 5472
p/image_835.jpg 1 0 0 500 719
p/image_834.jpg 1 0 0 400 533
p/image_833.jpg 1 0 0 3001 2000
p/image_832.jpg 1 0 0 350 500
p/image_831.jpg 1 0 0 650 850
p/image_830.jpg 1 0 0 7680 5120
p/image_829.jpg 1 0 0 750 1334
p/image_828.jpg 1 0 0 700 1000
p/image_827.jpg 1 0 0 800 582
p/image_826.jpg 1 0 0 411 608
p/image_825.jpg 1 0 0 750 934
p/image_824.jpg 1 0 0 3168 4752
p/image_823.jpg 1 0 0 411 608
p/image_822.jpg 1 0 0 566 800
p/image_821.jpg 1 0 0 800 1067
p/image_820.jpg 1 0 0 233 350
p/image_819.jpg 1 0 0 810 1080
p/image_818.jpg 1 0 0 640 640
p/image_817.jpg 1 0 0 500 667
p/image_816.jpg 1 0 0 800 1200
p/image_815.jpg 1 0 0 768 960
p/image_814.jpg 1 0 0 480 720
p/image_813.jpg 1 0 0 411 608
p/image_812.jpg 1 0 0 952 1334
p/image_811.jpg 1 0 0 5760 5075
p/image_810.jpg 1 0 0 1024 862
p/image_809.jpg 1 0 0 480 360
p/image_808.jpg 1 0 0 1200 1600
p/image_807.jpg 1 0 0 1392 1738
p/image_806.jpg 1 0 0 500 750
p/image_805.jpg 1 0 0 1200 1800
p/image_804.jpg 1 0 0 1200 1600
p/image_803.jpg 1 0 0 600 900
p/image_802.jpg 1 0 0 497 750
p/image_801.jpg 1 0 0 3413 4724
p/image_800.jpg 1 0 0 640 1136
p/image_799.jpg 1 0 0 909 1069
p/image_798.jpg 1 0 0 767 1024
p/image_797.jpg 1 0 0 1367 2468
p/image_796.jpg 1 0 0 444 720
p/image_795.jpg 1 0 0 2700 4057
p/image_794.jpg 1 0 0 1000 1400
p/image_793.jpg 1 0 0 600 877
p/image_792.jpg 1 0 0 736 1217
p/image_791.jpg 1 0 0 636 1002
p/image_790.jpg 1 0 0 500 750
p/image_789.jpg 1 0 0 720 720
p/image_788.jpg 1 0 0 536 800
p/image_787.jpg 1 0 0 350 500
p/image_786.jpg 1 0 0 550 782
p/image_785.jpg 1 0 0 3168 4752
p/image_784.jpg 1 0 0 736 1102
p/image_783.jpg 1 0 0 667 1000
p/image_782.jpg 1 0 0 255 370
p/image_781.jpg 1 0 0 1701 1129
p/image_780.jpg 1 0 0 750 880
p/image_779.jpg 1 0 0 500 750
p/image_778.jpg 1 0 0 1023 1582
p/image_777.jpg 1 0 0 750 937
p/image_776.jpg 1 0 0 318 480
p/image_775.jpg 1 0 0 716 895
p/image_774.jpg 1 0 0 640 1136
p/image_773.jpg 1 0 0 640 960
p/image_772.jpg 1 0 0 2930 1648
p/image_771.jpg 1 0 0 736 1106
p/image_770.jpg 1 0 0 333 500
p/image_769.jpg 1 0 0 600 750
p/image_768.jpg 1 0 0 500 700
p/image_767.jpg 1 0 0 1280 1769
p/image_766.jpg 1 0 0 500 750
p/image_765.jpg 1 0 0 1300 951
p/image_764.jpg 1 0 0 736 920
p/image_763.jpg 1 0 0 800 1255
p/image_762.jpg 1 0 0 297 400
p/image_761.jpg 1 0 0 633 950
p/image_760.jpg 1 0 0 683 1024
p/image_759.jpg 1 0 0 3360 3360
p/image_758.jpg 1 0 0 720 888
p/image_757.jpg 1 0 0 1367 2468
p/image_756.jpg 1 0 0 1024 682
p/image_755.jpg 1 0 0 640 734
p/image_754.jpg 1 0 0 1280 1803
p/image_753.jpg 1 0 0 1000 1533
p/image_752.jpg 1 0 0 637 802
p/image_751.jpg 1 0 0 640 960
p/image_750.jpg 1 0 0 667 1000
p/image_749.jpg 1 0 0 5472 3080
p/image_748.jpg 1 0 0 640 1136
p/image_747.jpg 1 0 0 655 960
p/image_746.jpg 1 0 0 600 900
p/image_745.jpg 1 0 0 640 762
p/image_744.jpg 1 0 0 1280 1024
p/image_743.jpg 1 0 0 1280 720
p/image_742.jpg 1 0 0 3456 5184
p/image_741.jpg 1 0 0 736 1104
p/image_740.jpg 1 0 0 1234 1600
p/image_739.jpg 1 0 0 1200 1567
p/image_738.jpg 1 0 0 1072 1600
p/image_737.jpg 1 0 0 480 720
p/image_736.jpg 1 0 0 1000 1412
p/image_735.jpg 1 0 0 736 981
p/image_734.jpg 1 0 0 540 807
p/image_733.jpg 1 0 0 3539 5309
p/image_732.jpg 1 0 0 494 640
p/image_731.jpg 1 0 0 392 500
p/image_730.jpg 1 0 0 800 895
p/image_729.jpg 1 0 0 3312 4416
p/image_728.jpg 1 0 0 1300 957
p/image_727.jpg 1 0 0 498 750
p/image_726.jpg 1 0 0 640 960
p/image_725.jpg 1 0 0 500 749
p/image_724.jpg 1 0 0 800 1200
p/image_723.jpg 1 0 0 427 641
p/image_722.jpg 1 0 0 736 981
p/image_721.jpg 1 0 0 533 800
p/image_720.jpg 1 0 0 3539 5309
p/image_719.jpg 1 0 0 700 1024
p/image_718.jpg 1 0 0 846 1329
p/image_717.jpg 1 0 0 564 830
p/image_716.jpg 1 0 0 478 810
p/image_715.jpg 1 0 0 500 536
p/image_714.jpg 1 0 0 500 706
p/image_713.jpg 1 0 0 500 750
p/image_712.jpg 1 0 0 1800 1394
p/image_711.jpg 1 0 0 871 1300
p/image_710.jpg 1 0 0 721 923
p/image_709.jpg 1 0 0 313 470
p/image_708.jpg 1 0 0 500 656
p/image_707.jpg 1 0 0 550 678
p/image_706.jpg 1 0 0 610 610
p/image_705.jpg 1 0 0 600 840
p/image_704.jpg 1 0 0 1364 2048
p/image_703.jpg 1 0 0 2592 3828
p/image_702.jpg 1 0 0 699 950
p/image_701.jpg 1 0 0 600 424
p/image_700.jpg 1 0 0 720 960
p/image_699.jpg 1 0 0 600 1065
p/image_698.jpg 1 0 0 1280 1754
p/image_697.jpg 1 0 0 537 700
p/image_696.jpg 1 0 0 750 898
p/image_695.jpg 1 0 0 724 966
p/image_694.jpg 1 0 0 736 981
p/image_693.jpg 1 0 0 736 981
p/image_692.jpg 1 0 0 960 1280
p/image_691.jpg 1 0 0 800 1120
p/image_690.jpg 1 0 0 1558 2500
p/image_689.jpg 1 0 0 1200 844
p/image_688.jpg 1 0 0 800 1001
p/image_687.jpg 1 0 0 2880 1800
p/image_686.jpg 1 0 0 1280 1920
p/image_685.jpg 1 0 0 500 750
p/image_684.jpg 1 0 0 626 680
p/image_683.jpg 1 0 0 1062 1600
p/image_682.jpg 1 0 0 683 1024
p/image_681.jpg 1 0 0 736 981
p/image_680.jpg 1 0 0 300 250
p/image_679.jpg 1 0 0 2315 2895
p/image_678.jpg 1 0 0 1000 1488
p/image_677.jpg 1 0 0 736 1104
p/image_676.jpg 1 0 0 460 468
p/image_675.jpg 1 0 0 980 980
p/image_674.jpg 1 0 0 871 1300
p/image_673.jpg 1 0 0 500 707
p/image_672.jpg 1 0 0 640 884
p/image_671.jpg 1 0 0 553 824
p/image_670.jpg 1 0 0 276 365
p/image_669.jpg 1 0 0 736 981
p/image_668.jpg 1 0 0 640 640
p/image_667.jpg 1 0 0 2315 2895
p/image_666.jpg 1 0 0 3840 5760
p/image_665.jpg 1 0 0 500 666
p/image_664.jpg 1 0 0 500 683
p/image_663.jpg 1 0 0 500 750
p/image_662.jpg 1 0 0 1280 1920
p/image_661.jpg 1 0 0 194 259
p/image_660.jpg 1 0 0 300 470
p/image_659.jpg 1 0 0 683 1024
p/image_658.jpg 1 0 0 768 1024
p/image_657.jpg 1 0 0 667 1000
p/image_656.jpg 1 0 0 1600 900
p/image_655.jpg 1 0 0 640 992
p/image_654.jpg 1 0 0 800 1067
p/image_653.jpg 1 0 0 550 733
p/image_652.jpg 1 0 0 736 1104
p/image_651.jpg 1 0 0 706 800
p/image_650.jpg 1 0 0 600 368
p/image_649.jpg 1 0 0 1000 1300
p/image_648.jpg 1 0 0 479 720
p/image_647.jpg 1 0 0 750 880
p/image_646.jpg 1 0 0 500 750
p/image_645.jpg 1 0 0 720 960
p/image_644.jpg 1 0 0 2400 3600
p/image_643.jpg 1 0 0 633 950
p/image_642.jpg 1 0 0 618 962
p/image_641.jpg 1 0 0 724 966
p/image_640.jpg 1 0 0 480 599
p/image_639.jpg 1 0 0 640 960
p/image_638.jpg 1 0 0 400 533
p/image_637.jpg 1 0 0 1136 1600
p/image_636.jpg 1 0 0 500 750
p/image_635.jpg 1 0 0 707 1000
p/image_634.jpg 1 0 0 524 600
p/image_633.jpg 1 0 0 736 1104
p/image_632.jpg 1 0 0 350 500
p/image_631.jpg 1 0 0 720 960
p/image_630.jpg 1 0 0 586 741
p/image_629.jpg 1 0 0 899 1255
p/image_628.jpg 1 0 0 537 700
p/image_627.jpg 1 0 0 599 731
p/image_626.jpg 1 0 0 960 1280
p/image_625.jpg 1 0 0 2126 2361
p/image_624.jpg 1 0 0 1127 1715
p/image_623.jpg 1 0 0 1218 1726
p/image_622.jpg 1 0 0 650 867
p/image_621.jpg 1 0 0 744 1052
p/image_620.jpg 1 0 0 1080 1720
p/image_619.jpg 1 0 0 1600 1600
p/image_618.jpg 1 0 0 2400 3600
p/image_617.jpg 1 0 0 520 745
p/image_616.jpg 1 0 0 495 700
p/image_615.jpg 1 0 0 342 447
p/image_614.jpg 1 0 0 1000 1502
p/image_613.jpg 1 0 0 1143 1200
p/image_612.jpg 1 0 0 483 700
p/image_611.jpg 1 0 0 2789 3500
p/image_610.jpg 1 0 0 480 720
p/image_609.jpg 1 0 0 1116 1179
p/image_608.jpg 1 0 0 736 1104
p/image_607.jpg 1 0 0 342 447
p/image_606.jpg 1 0 0 511 630
p/image_605.jpg 1 0 0 500 719
p/image_604.jpg 1 0 0 736 979
p/image_603.jpg 1 0 0 724 966
p/image_602.jpg 1 0 0 2789 3500
p/image_601.jpg 1 0 0 736 1104
p/image_600.jpg 1 0 0 520 745
p/image_599.jpg 1 0 0 509 636
p/image_598.jpg 1 0 0 385 442
p/image_597.jpg 1 0 0 958 1300
p/image_596.jpg 1 0 0 744 1052
p/image_595.jpg 1 0 0 948 1291
p/image_594.jpg 1 0 0 626 1084
p/image_593.jpg 1 0 0 460 640
p/image_592.jpg 1 0 0 1143 1200
p/image_591.jpg 1 0 0 1242 1539
p/image_590.jpg 1 0 0 385 476
p/image_589.jpg 1 0 0 820 1024
p/image_588.jpg 1 0 0 586 741
p/image_587.jpg 1 0 0 788 1050
p/image_586.jpg 1 0 0 522 524
p/image_585.jpg 1 0 0 447 700
p/image_584.jpg 1 0 0 1600 1600
p/image_583.jpg 1 0 0 736 981
p/image_582.jpg 1 0 0 711 1067
p/image_581.jpg 1 0 0 888 1050
p/image_580.jpg 1 0 0 800 1067
p/image_579.jpg 1 0 0 2126 2361
p/image_578.jpg 1 0 0 736 1104
p/image_577.jpg 1 0 0 522 524
p/image_576.jpg 1 0 0 500 750
p/image_575.jpg 1 0 0 1218 1726
p/image_574.jpg 1 0 0 457 642
p/image_573.jpg 1 0 0 520 745
p/image_572.jpg 1 0 0 500 675
p/image_571.jpg 1 0 0 342 447
p/image_570.jpg 1 0 0 679 1000
p/image_569.jpg 1 0 0 2789 3500
p/image_568.jpg 1 0 0 899 1255
p/image_567.jpg 1 0 0 626 1084
p/image_566.jpg 1 0 0 1600 1200
p/image_565.jpg 1 0 0 586 741
p/image_564.jpg 1 0 0 1125 1909
p/image_563.jpg 1 0 0 385 442
p/image_562.jpg 1 0 0 481 700
p/image_561.jpg 1 0 0 2126 2361
p/image_560.jpg 1 0 0 400 600
p/image_559.jpg 1 0 0 640 1136
p/image_558.jpg 1 0 0 1280 1920
p/image_557.jpg 1 0 0 2315 2895
p/image_556.jpg 1 0 0 744 1052
p/image_555.jpg 1 0 0 474 709
p/image_554.jpg 1 0 0 1600 1600
p/image_553.jpg 1 0 0 1024 768
p/image_552.jpg 1 0 0 1218 1726
p/image_551.jpg 1 0 0 427 641
p/image_550.jpg 1 0 0 1116 1179
p/image_549.jpg 1 0 0 333 500
p/image_548.jpg 1 0 0 385 476
p/image_547.jpg 1 0 0 317 475
p/image_546.jpg 1 0 0 492 667
p/image_545.jpg 1 0 0 667 1000
p/image_544.jpg 1 0 0 1920 1080
p/image_543.jpg 1 0 0 379 500
p/image_542.jpg 1 0 0 894 894
p/image_541.jpg 1 0 0 1200 1009
p/image_540.jpg 1 0 0 1143 1200
p/image_539.jpg 1 0 0 800 1187
p/image_538.jpg 1 0 0 385 476
p/image_537.jpg 1 0 0 960 1300
p/image_536.jpg 1 0 0 640 1136
p/image_535.jpg 1 0 0 3840 5760
p/image_534.jpg 1 0 0 4684 4000
p/image_533.jpg 1 0 0 744 1052
p/image_532.jpg 1 0 0 1280 1707
p/image_531.jpg 1 0 0 586 741
p/image_530.jpg 1 0 0 600 900
p/image_529.jpg 1 0 0 1600 1600
p/image_528.jpg 1 0 0 563 738
p/image_527.jpg 1 0 0 522 524
p/image_526.jpg 1 0 0 564 774
p/image_525.jpg 1 0 0 626 1084
p/image_524.jpg 1 0 0 735 1179
p/image_523.jpg 1 0 0 1920 1080
p/image_522.jpg 1 0 0 479 720
p/image_521.jpg 1 0 0 492 667
p/image_520.jpg 1 0 0 500 750
p/image_519.jpg 1 0 0 894 894
p/image_518.jpg 1 0 0 540 720
p/image_517.jpg 1 0 0 1920 1080
p/image_516.jpg 1 0 0 750 1125
p/image_515.jpg 1 0 0 342 447
p/image_514.jpg 1 0 0 236 354
p/image_513.jpg 1 0 0 1067 1600
p/image_512.jpg 1 0 0 1066 1332
p/image_511.jpg 1 0 0 960 1280
p/image_510.jpg 1 0 0 429 527
p/image_509.jpg 1 0 0 500 750
p/image_508.jpg 1 0 0 1066 1600
p/image_1030.jpg 1 0 0 1218 1726
p/image_1029.jpg 1 0 0 2827 4240
p/image_1028.jpg 1 0 0 2000 2000
p/image_1027.jpg 1 0 0 500 726
p/image_1026.jpg 1 0 0 385 442
p/image_1025.jpg 1 0 0 500 670
p/image_1024.jpg 1 0 0 1143 1200
p/image_1023.jpg 1 0 0 736 1104
p/image_1022.jpg 1 0 0 2789 3500
p/image_1021.jpg 1 0 0 361 500
p/image_1020.jpg 1 0 0 1116 1179
p/image_1019.jpg 1 0 0 602 904
p/image_1018.jpg 1 0 0 1920 1080
p/image_1017.jpg 1 0 0 500 726
p/image_1016.jpg 1 0 0 1920 1080
p/image_1015.jpg 1 0 0 640 640
p/image_1014.jpg 1 0 0 2126 2361
p/image_1013.jpg 1 0 0 1280 533
p/image_1012.jpg 1 0 0 1920 1080
p/image_1011.jpg 1 0 0 678 1017
p/image_1010.jpg 1 0 0 411 608
p/image_1009.jpg 1 0 0 961 1200
p/image_1008.jpg 1 0 0 960 1280
p/image_1007.jpg 1 0 0 810 1050
p/image_1006.jpg 1 0 0 736 937
p/image_1005.jpg 1 0 0 545 536
p/image_1004.jpg 1 0 0 361 500
p/image_1003.jpg 1 0 0 744 1052
p/image_1002.jpg 1 0 0 1179 1766
p/image_1001.jpg 1 0 0 545 536
p/image_1000.jpg 1 0 0 706 1023
p/image_99.jpg 1 0 0 1024 1024
p/image_98.jpg 1 0 0 1024 1024
p/image_97.jpg 1 0 0 1024 1024
p/image_96.jpg 1 0 0 1024 1024
p/image_95.jpg 1 0 0 1024 1024
p/image_94.jpg 1 0 0 1024 1024
p/image_93.jpg 1 0 0 1024 1024
p/image_92.jpg 1 0 0 1024 1024
p/image_91.jpg 1 0 0 1024 1024
p/image_90.jpg 1 0 0 1024 1024
p/image_9.jpg 1 0 0 1024 1024
p/image_89.jpg 1 0 0 1024 1024
p/image_88.jpg 1 0 0 1024 1024
p/image_87.jpg 1 0 0 1024 1024
p/image_86.jpg 1 0 0 1024 1024
p/image_85.jpg 1 0 0 1024 1024
p/image_84.jpg 1 0 0 1024 1024
p/image_83.jpg 1 0 0 1024 1024
p/image_82.jpg 1 0 0 1024 1024
p/image_81.jpg 1 0 0 1024 1024
p/image_80.jpg 1 0 0 1024 1024
p/image_8.jpg 1 0 0 1024 1024
p/image_79.jpg 1 0 0 1024 1024
p/image_78.jpg 1 0 0 1024 1024
p/image_77.jpg 1 0 0 1024 1024
p/image_76.jpg 1 0 0 1024 1024
p/image_75.jpg 1 0 0 1024 1024
p/image_74.jpg 1 0 0 1024 1024
p/image_73.jpg 1 0 0 1024 1024
p/image_72.jpg 1 0 0 1024 1024
p/image_71.jpg 1 0 0 1024 1024
p/image_70.jpg 1 0 0 1024 1024
p/image_7.jpg 1 0 0 1024 1024
p/image_69.jpg 1 0 0 1024 1024
p/image_68.jpg 1 0 0 1024 1024
p/image_67.jpg 1 0 0 1024 1024
p/image_66.jpg 1 0 0 1024 1024
p/image_65.jpg 1 0 0 1024 1024
p/image_64.jpg 1 0 0 1024 1024
p/image_63.jpg 1 0 0 1024 1024
p/image_62.jpg 1 0 0 1024 1024
p/image_61.jpg 1 0 0 1024 1024
p/image_60.jpg 1 0 0 1024 1024
p/image_6.jpg 1 0 0 1024 1024
p/image_59.jpg 1 0 0 1024 1024
p/image_58.jpg 1 0 0 1024 1024
p/image_57.jpg 1 0 0 1024 1024
p/image_56.jpg 1 0 0 1024 1024
p/image_55.jpg 1 0 0 1024 1024
p/image_54.jpg 1 0 0 1024 1024
p/image_53.jpg 1 0 0 1024 1024
p/image_52.jpg 1 0 0 1024 1024
p/image_51.jpg 1 0 0 1024 1024
p/image_507.jpg 1 0 0 1024 1024
p/image_506.jpg 1 0 0 1024 1024
p/image_505.jpg 1 0 0 1024 1024
p/image_504.jpg 1 0 0 1024 1024
p/image_503.jpg 1 0 0 1024 1024
p/image_502.jpg 1 0 0 1024 1024
p/image_501.jpg 1 0 0 1024 1024
p/image_500.jpg 1 0 0 1024 1024
p/image_50.jpg 1 0 0 1024 1024
p/image_5.jpg 1 0 0 1024 1024
p/image_499.jpg 1 0 0 1024 1024
p/image_498.jpg 1 0 0 1024 1024
p/image_497.jpg 1 0 0 1024 1024
p/image_496.jpg 1 0 0 1024 1024
p/image_495.jpg 1 0 0 1024 1024
p/image_494.jpg 1 0 0 1024 1024
p/image_493.jpg 1 0 0 1024 1024
p/image_492.jpg 1 0 0 1024 1024
p/image_491.jpg 1 0 0 1024 1024
p/image_490.jpg 1 0 0 1024 1024
p/image_49.jpg 1 0 0 1024 1024
p/image_489.jpg 1 0 0 1024 1024
p/image_488.jpg 1 0 0 1024 1024
p/image_487.jpg 1 0 0 1024 1024
p/image_486.jpg 1 0 0 1024 1024
p/image_485.jpg 1 0 0 1024 1024
p/image_484.jpg 1 0 0 1024 1024
p/image_483.jpg 1 0 0 1024 1024
p/image_482.jpg 1 0 0 1024 1024
p/image_481.jpg 1 0 0 1024 1024
p/image_480.jpg 1 0 0 1024 1024
p/image_48.jpg 1 0 0 1024 1024
p/image_479.jpg 1 0 0 1024 1024
p/image_478.jpg 1 0 0 1024 1024
p/image_477.jpg 1 0 0 1024 1024
p/image_476.jpg 1 0 0 1024 1024
p/image_475.jpg 1 0 0 1024 1024
p/image_474.jpg 1 0 0 1024 1024
p/image_473.jpg 1 0 0 1024 1024
p/image_472.jpg 1 0 0 1024 1024
p/image_471.jpg 1 0 0 1024 1024
p/image_470.jpg 1 0 0 1024 1024
p/image_47.jpg 1 0 0 1024 1024
p/image_469.jpg 1 0 0 1024 1024
p/image_468.jpg 1 0 0 1024 1024
p/image_467.jpg 1 0 0 1024 1024
p/image_466.jpg 1 0 0 1024 1024
p/image_465.jpg 1 0 0 1024 1024
p/image_464.jpg 1 0 0 1024 1024
p/image_463.jpg 1 0 0 1024 1024
p/image_462.jpg 1 0 0 1024 1024
p/image_461.jpg 1 0 0 1024 1024
p/image_460.jpg 1 0 0 1024 1024
p/image_46.jpg 1 0 0 1024 1024
p/image_459.jpg 1 0 0 1024 1024
p/image_458.jpg 1 0 0 1024 1024
p/image_457.jpg 1 0 0 1024 1024
p/image_456.jpg 1 0 0 1024 1024
p/image_455.jpg 1 0 0 1024 1024
p/image_454.jpg 1 0 0 1024 1024
p/image_453.jpg 1 0 0 1024 1024
p/image_452.jpg 1 0 0 1024 1024
p/image_451.jpg 1 0 0 1024 1024
p/image_450.jpg 1 0 0 1024 1024
p/image_45.jpg 1 0 0 1024 1024
p/image_449.jpg 1 0 0 1024 1024
p/image_448.jpg 1 0 0 1024 1024
p/image_447.jpg 1 0 0 1024 1024
p/image_446.jpg 1 0 0 1024 1024
p/image_445.jpg 1 0 0 1024 1024
p/image_444.jpg 1 0 0 1024 1024
p/image_443.jpg 1 0 0 1024 1024
p/image_442.jpg 1 0 0 1024 1024
p/image_441.jpg 1 0 0 1024 1024
p/image_440.jpg 1 0 0 1024 1024
p/image_44.jpg 1 0 0 1024 1024
p/image_439.jpg 1 0 0 1024 1024
p/image_438.jpg 1 0 0 1024 1024
p/image_437.jpg 1 0 0 1024 1024
p/image_436.jpg 1 0 0 1024 1024
p/image_435.jpg 1 0 0 1024 1024
p/image_434.jpg 1 0 0 1024 1024
p/image_433.jpg 1 0 0 1024 1024
p/image_432.jpg 1 0 0 1024 1024
p/image_431.jpg 1 0 0 1024 1024
p/image_430.jpg 1 0 0 1024 1024
p/image_43.jpg 1 0 0 1024 1024
p/image_429.jpg 1 0 0 1024 1024
p/image_428.jpg 1 0 0 1024 1024
p/image_427.jpg 1 0 0 1024 1024
p/image_426.jpg 1 0 0 1024 1024
p/image_425.jpg 1 0 0 1024 1024
p/image_424.jpg 1 0 0 1024 1024
p/image_423.jpg 1 0 0 1024 1024
p/image_422.jpg 1 0 0 1024 1024
p/image_421.jpg 1 0 0 1024 1024
p/image_420.jpg 1 0 0 1024 1024
p/image_42.jpg 1 0 0 1024 1024
p/image_419.jpg 1 0 0 1024 1024
p/image_418.jpg 1 0 0 1024 1024
p/image_417.jpg 1 0 0 1024 1024
p/image_416.jpg 1 0 0 1024 1024
p/image_415.jpg 1 0 0 1024 1024
p/image_414.jpg 1 0 0 1024 1024
p/image_413.jpg 1 0 0 1024 1024
p/image_412.jpg 1 0 0 1024 1024
p/image_411.jpg 1 0 0 1024 1024
p/image_410.jpg 1 0 0 1024 1024
p/image_41.jpg 1 0 0 1024 1024
p/image_409.jpg 1 0 0 1024 1024
p/image_408.jpg 1 0 0 1024 1024
p/image_407.jpg 1 0 0 1024 1024
p/image_406.jpg 1 0 0 1024 1024
p/image_405.jpg 1 0 0 1024 1024
p/image_404.jpg 1 0 0 1024 1024
p/image_403.jpg 1 0 0 1024 1024
p/image_402.jpg 1 0 0 1024 1024
p/image_401.jpg 1 0 0 1024 1024
p/image_400.jpg 1 0 0 1024 1024
p/image_40.jpg 1 0 0 1024 1024
p/image_4.jpg 1 0 0 1024 1024
p/image_399.jpg 1 0 0 1024 1024
p/image_398.jpg 1 0 0 1024 1024
p/image_397.jpg 1 0 0 1024 1024
p/image_396.jpg 1 0 0 1024 1024
p/image_395.jpg 1 0 0 1024 1024
p/image_394.jpg 1 0 0 1024 1024
p/image_393.jpg 1 0 0 1024 1024
p/image_392.jpg 1 0 0 1024 1024
p/image_391.jpg 1 0 0 1024 1024
p/image_390.jpg 1 0 0 1024 1024
p/image_39.jpg 1 0 0 1024 1024
p/image_389.jpg 1 0 0 1024 1024
p/image_388.jpg 1 0 0 1024 1024
p/image_387.jpg 1 0 0 1024 1024
p/image_386.jpg 1 0 0 1024 1024
p/image_385.jpg 1 0 0 1024 1024
p/image_384.jpg 1 0 0 1024 1024
p/image_383.jpg 1 0 0 1024 1024
p/image_382.jpg 1 0 0 1024 1024
p/image_381.jpg 1 0 0 1024 1024
p/image_380.jpg 1 0 0 1024 1024
p/image_38.jpg 1 0 0 1024 1024
p/image_379.jpg 1 0 0 1024 1024
p/image_378.jpg 1 0 0 1024 1024
p/image_377.jpg 1 0 0 1024 1024
p/image_376.jpg 1 0 0 1024 1024
p/image_375.jpg 1 0 0 1024 1024
p/image_374.jpg 1 0 0 1024 1024
p/image_373.jpg 1 0 0 1024 1024
p/image_372.jpg 1 0 0 1024 1024
p/image_371.jpg 1 0 0 1024 1024
p/image_370.jpg 1 0 0 1024 1024
p/image_37.jpg 1 0 0 1024 1024
p/image_369.jpg 1 0 0 1024 1024
p/image_368.jpg 1 0 0 1024 1024
p/image_367.jpg 1 0 0 1024 1024
p/image_366.jpg 1 0 0 1024 1024
p/image_365.jpg 1 0 0 1024 1024
p/image_364.jpg 1 0 0 1024 1024
p/image_363.jpg 1 0 0 1024 1024
p/image_362.jpg 1 0 0 1024 1024
p/image_361.jpg 1 0 0 1024 1024
p/image_360.jpg 1 0 0 1024 1024
p/image_36.jpg 1 0 0 1024 1024
p/image_359.jpg 1 0 0 1024 1024
p/image_358.jpg 1 0 0 1024 1024
p/image_357.jpg 1 0 0 1024 1024
p/image_356.jpg 1 0 0 1024 1024
p/image_355.jpg 1 0 0 1024 1024
p/image_354.jpg 1 0 0 1024 1024
p/image_353.jpg 1 0 0 1024 1024
p/image_352.jpg 1 0 0 1024 1024
p/image_351.jpg 1 0 0 1024 1024
p/image_350.jpg 1 0 0 1024 1024
p/image_35.jpg 1 0 0 1024 1024
p/image_349.jpg 1 0 0 1024 1024
p/image_348.jpg 1 0 0 1024 1024
p/image_347.jpg 1 0 0 1024 1024
p/image_346.jpg 1 0 0 1024 1024
p/image_345.jpg 1 0 0 1024 1024
p/image_344.jpg 1 0 0 1024 1024
p/image_343.jpg 1 0 0 1024 1024
p/image_342.jpg 1 0 0 1024 1024
p/image_341.jpg 1 0 0 1024 1024
p/image_340.jpg 1 0 0 1024 1024
p/image_34.jpg 1 0 0 1024 1024
p/image_339.jpg 1 0 0 1024 1024
p/image_338.jpg 1 0 0 1024 1024
p/image_337.jpg 1 0 0 1024 1024
p/image_336.jpg 1 0 0 1024 1024
p/image_335.jpg 1 0 0 1024 1024
p/image_334.jpg 1 0 0 1024 1024
p/image_333.jpg 1 0 0 1024 1024
p/image_332.jpg 1 0 0 1024 1024
p/image_331.jpg 1 0 0 1024 1024
p/image_330.jpg 1 0 0 1024 1024
p/image_33.jpg 1 0 0 1024 1024
p/image_329.jpg 1 0 0 1024 1024
p/image_328.jpg 1 0 0 1024 1024
p/image_327.jpg 1 0 0 1024 1024
p/image_326.jpg 1 0 0 1024 1024
p/image_325.jpg 1 0 0 1024 1024
p/image_324.jpg 1 0 0 1024 1024
p/image_323.jpg 1 0 0 1024 1024
p/image_322.jpg 1 0 0 1024 1024
p/image_321.jpg 1 0 0 1024 1024
p/image_320.jpg 1 0 0 1024 1024
p/image_32.jpg 1 0 0 1024 1024
p/image_319.jpg 1 0 0 1024 1024
p/image_318.jpg 1 0 0 1024 1024
p/image_317.jpg 1 0 0 1024 1024
p/image_316.jpg 1 0 0 1024 1024
p/image_315.jpg 1 0 0 1024 1024
p/image_314.jpg 1 0 0 1024 1024
p/image_313.jpg 1 0 0 1024 1024
p/image_312.jpg 1 0 0 1024 1024
p/image_311.jpg 1 0 0 1024 1024
p/image_310.jpg 1 0 0 1024 1024
p/image_31.jpg 1 0 0 1024 1024
p/image_309.jpg 1 0 0 1024 1024
p/image_308.jpg 1 0 0 1024 1024
p/image_307.jpg 1 0 0 1024 1024
p/image_306.jpg 1 0 0 1024 1024
p/image_305.jpg 1 0 0 1024 1024
p/image_304.jpg 1 0 0 1024 1024
p/image_303.jpg 1 0 0 1024 1024
p/image_302.jpg 1 0 0 1024 1024
p/image_301.jpg 1 0 0 1024 1024
p/image_300.jpg 1 0 0 1024 1024
p/image_30.jpg 1 0 0 1024 1024
p/image_3.jpg 1 0 0 1024 1024
p/image_299.jpg 1 0 0 1024 1024
p/image_298.jpg 1 0 0 1024 1024
p/image_297.jpg 1 0 0 1024 1024
p/image_296.jpg 1 0 0 1024 1024
p/image_295.jpg 1 0 0 1024 1024
p/image_294.jpg 1 0 0 1024 1024
p/image_293.jpg 1 0 0 1024 1024
p/image_292.jpg 1 0 0 1024 1024
p/image_291.jpg 1 0 0 1024 1024
p/image_290.jpg 1 0 0 1024 1024
p/image_29.jpg 1 0 0 1024 1024
p/image_289.jpg 1 0 0 1024 1024
p/image_288.jpg 1 0 0 1024 1024
p/image_287.jpg 1 0 0 1024 1024
p/image_286.jpg 1 0 0 1024 1024
p/image_285.jpg 1 0 0 1024 1024
p/image_284.jpg 1 0 0 1024 1024
p/image_283.jpg 1 0 0 1024 1024
p/image_282.jpg 1 0 0 1024 1024
p/image_281.jpg 1 0 0 1024 1024
p/image_280.jpg 1 0 0 1024 1024
p/image_28.jpg 1 0 0 1024 1024
p/image_279.jpg 1 0 0 1024 1024
p/image_278.jpg 1 0 0 1024 1024
p/image_277.jpg 1 0 0 1024 1024
p/image_276.jpg 1 0 0 1024 1024
p/image_275.jpg 1 0 0 1024 1024
p/image_274.jpg 1 0 0 1024 1024
p/image_273.jpg 1 0 0 1024 1024
p/image_272.jpg 1 0 0 1024 1024
p/image_271.jpg 1 0 0 1024 1024
p/image_270.jpg 1 0 0 1024 1024
p/image_27.jpg 1 0 0 1024 1024
p/image_269.jpg 1 0 0 1024 1024
p/image_268.jpg 1 0 0 1024 1024
p/image_267.jpg 1 0 0 1024 1024
p/image_266.jpg 1 0 0 1024 1024
p/image_265.jpg 1 0 0 1024 1024
p/image_264.jpg 1 0 0 1024 1024
p/image_263.jpg 1 0 0 1024 1024
p/image_262.jpg 1 0 0 1024 1024
p/image_261.jpg 1 0 0 1024 1024
p/image_260.jpg 1 0 0 1024 1024
p/image_26.jpg 1 0 0 1024 1024
p/image_259.jpg 1 0 0 1024 1024
p/image_258.jpg 1 0 0 1024 1024
p/image_257.jpg 1 0 0 1024 1024
p/image_256.jpg 1 0 0 1024 1024
p/image_255.jpg 1 0 0 1024 1024
p/image_254.jpg 1 0 0 1024 1024
p/image_253.jpg 1 0 0 1024 1024
p/image_252.jpg 1 0 0 1024 1024
p/image_251.jpg 1 0 0 1024 1024
p/image_250.jpg 1 0 0 1024 1024
p/image_25.jpg 1 0 0 1024 1024
p/image_249.jpg 1 0 0 1024 1024
p/image_248.jpg 1 0 0 1024 1024
p/image_247.jpg 1 0 0 1024 1024
p/image_246.jpg 1 0 0 1024 1024
p/image_245.jpg 1 0 0 1024 1024
p/image_244.jpg 1 0 0 1024 1024
p/image_243.jpg 1 0 0 1024 1024
p/image_242.jpg 1 0 0 1024 1024
p/image_241.jpg 1 0 0 1024 1024
p/image_240.jpg 1 0 0 1024 1024
p/image_24.jpg 1 0 0 1024 1024
p/image_239.jpg 1 0 0 1024 1024
p/image_238.jpg 1 0 0 1024 1024
p/image_237.jpg 1 0 0 1024 1024
p/image_236.jpg 1 0 0 1024 1024
p/image_235.jpg 1 0 0 1024 1024
p/image_234.jpg 1 0 0 1024 1024
p/image_233.jpg 1 0 0 1024 1024
p/image_232.jpg 1 0 0 1024 1024
p/image_231.jpg 1 0 0 1024 1024
p/image_230.jpg 1 0 0 1024 1024
p/image_23.jpg 1 0 0 1024 1024
p/image_229.jpg 1 0 0 1024 1024
p/image_228.jpg 1 0 0 1024 1024
p/image_227.jpg 1 0 0 1024 1024
p/image_226.jpg 1 0 0 1024 1024
p/image_225.jpg 1 0 0 1024 1024
p/image_224.jpg 1 0 0 1024 1024
p/image_223.jpg 1 0 0 1024 1024
p/image_222.jpg 1 0 0 1024 1024
p/image_221.jpg 1 0 0 1024 1024
p/image_220.jpg 1 0 0 1024 1024
p/image_22.jpg 1 0 0 1024 1024
p/image_219.jpg 1 0 0 1024 1024
p/image_218.jpg 1 0 0 1024 1024
p/image_217.jpg 1 0 0 1024 1024
p/image_216.jpg 1 0 0 1024 1024
p/image_215.jpg 1 0 0 1024 1024
p/image_214.jpg 1 0 0 1024 1024
p/image_213.jpg 1 0 0 1024 1024
p/image_212.jpg 1 0 0 1024 1024
p/image_211.jpg 1 0 0 1024 1024
p/image_210.jpg 1 0 0 1024 1024
p/image_21.jpg 1 0 0 1024 1024
p/image_209.jpg 1 0 0 1024 1024
p/image_208.jpg 1 0 0 1024 1024
p/image_207.jpg 1 0 0 1024 1024
p/image_206.jpg 1 0 0 1024 1024
p/image_205.jpg 1 0 0 1024 1024
p/image_204.jpg 1 0 0 1024 1024
p/image_203.jpg 1 0 0 1024 1024
p/image_202.jpg 1 0 0 1024 1024
p/image_201.jpg 1 0 0 1024 1024
p/image_200.jpg 1 0 0 1024 1024
p/image_20.jpg 1 0 0 1024 1024
p/image_2.jpg 1 0 0 1024 1024
p/image_199.jpg 1 0 0 1024 1024
p/image_198.jpg 1 0 0 1024 1024
p/image_197.jpg 1 0 0 1024 1024
p/image_196.jpg 1 0 0 1024 1024
p/image_195.jpg 1 0 0 1024 1024
p/image_194.jpg 1 0 0 1024 1024
p/image_193.jpg 1 0 0 1024 1024
p/image_192.jpg 1 0 0 1024 1024
p/image_191.jpg 1 0 0 1024 1024
p/image_190.jpg 1 0 0 1024 1024
p/image_19.jpg 1 0 0 1024 1024
p/image_189.jpg 1 0 0 1024 1024
p/image_188.jpg 1 0 0 1024 1024
p/image_187.jpg 1 0 0 1024 1024
p/image_186.jpg 1 0 0 1024 1024
p/image_185.jpg 1 0 0 1024 1024
p/image_184.jpg 1 0 0 1024 1024
p/image_183.jpg 1 0 0 1024 1024
p/image_182.jpg 1 0 0 1024 1024
p/image_181.jpg 1 0 0 1024 1024
p/image_180.jpg 1 0 0 1024 1024
p/image_18.jpg 1 0 0 1024 1024
p/image_179.jpg 1 0 0 1024 1024
p/image_178.jpg 1 0 0 1024 1024
p/image_177.jpg 1 0 0 1024 1024
p/image_176.jpg 1 0 0 1024 1024
p/image_175.jpg 1 0 0 1024 1024
p/image_174.jpg 1 0 0 1024 1024
p/image_173.jpg 1 0 0 1024 1024
p/image_172.jpg 1 0 0 1024 1024
p/image_171.jpg 1 0 0 1024 1024
p/image_170.jpg 1 0 0 1024 1024
p/image_17.jpg 1 0 0 1024 1024
p/image_169.jpg 1 0 0 1024 1024
p/image_168.jpg 1 0 0 1024 1024
p/image_167.jpg 1 0 0 1024 1024
p/image_166.jpg 1 0 0 1024 1024
p/image_165.jpg 1 0 0 1024 1024
p/image_164.jpg 1 0 0 1024 1024
p/image_163.jpg 1 0 0 1024 1024
p/image_162.jpg 1 0 0 1024 1024
p/image_161.jpg 1 0 0 1024 1024
p/image_160.jpg 1 0 0 1024 1024
p/image_16.jpg 1 0 0 1024 1024
p/image_159.jpg 1 0 0 1024 1024
p/image_158.jpg 1 0 0 1024 1024
p/image_157.jpg 1 0 0 1024 1024
p/image_156.jpg 1 0 0 1024 1024
p/image_155.jpg 1 0 0 1024 1024
p/image_154.jpg 1 0 0 1024 1024
p/image_153.jpg 1 0 0 1024 1024
p/image_152.jpg 1 0 0 1024 1024
p/image_151.jpg 1 0 0 1024 1024
p/image_150.jpg 1 0 0 1024 1024
p/image_15.jpg 1 0 0 1024 1024
p/image_149.jpg 1 0 0 1024 1024
p/image_148.jpg 1 0 0 1024 1024
p/image_147.jpg 1 0 0 1024 1024
p/image_146.jpg 1 0 0 1024 1024
p/image_145.jpg 1 0 0 1024 1024
p/image_144.jpg 1 0 0 1024 1024
p/image_143.jpg 1 0 0 1024 1024
p/image_142.jpg 1 0 0 1024 1024
p/image_141.jpg 1 0 0 1024 1024
p/image_140.jpg 1 0 0 1024 1024
p/image_14.jpg 1 0 0 1024 1024
p/image_139.jpg 1 0 0 1024 1024
p/image_138.jpg 1 0 0 1024 1024
p/image_137.jpg 1 0 0 1024 1024
p/image_136.jpg 1 0 0 1024 1024
p/image_135.jpg 1 0 0 1024 1024
p/image_134.jpg 1 0 0 1024 1024
p/image_133.jpg 1 0 0 1024 1024
p/image_132.jpg 1 0 0 1024 1024
p/image_131.jpg 1 0 0 1024 1024
p/image_130.jpg 1 0 0 1024 1024
p/image_13.jpg 1 0 0 1024 1024
p/image_129.jpg 1 0 0 1024 1024
p/image_128.jpg 1 0 0 1024 1024
p/image_127.jpg 1 0 0 1024 1024
p/image_126.jpg 1 0 0 1024 1024
p/image_125.jpg 1 0 0 1024 1024
p/image_124.jpg 1 0 0 1024 1024
p/image_123.jpg 1 0 0 1024 1024
p/image_122.jpg 1 0 0 1024 1024
p/image_121.jpg 1 0 0 1024 1024
p/image_120.jpg 1 0 0 1024 1024
p/image_12.jpg 1 0 0 1024 1024
p/image_119.jpg 1 0 0 1024 1024
p/image_118.jpg 1 0 0 1024 1024
p/image_117.jpg 1 0 0 1024 1024
p/image_116.jpg 1 0 0 1024 1024
p/image_115.jpg 1 0 0 1024 1024
p/image_114.jpg 1 0 0 1024 1024
p/image_113.jpg 1 0 0 1024 1024
p/image_112.jpg 1 0 0 1024 1024
p/image_111.jpg 1 0 0 1024 1024
p/image_110.jpg 1 0 0 1024 1024
p/image_11.jpg 1 0 0 1024 1024
p/image_109.jpg 1 0 0 1024 1024
p/image_108.jpg 1 0 0 1024 1024
p/image_107.jpg 1 0 0 1024 1024
p/image_106.jpg 1 0 0 1024 1024
p/image_105.jpg 1 0 0 1024 1024
p/image_104.jpg 1 0 0 1024 1024
p/image_103.jpg 1 0 0 1024 1024
p/image_102.jpg 1 0 0 1024 1024
p/image_101.jpg 1 0 0 1024 1024
p/image_100.jpg 1 0 0 1024 1024
p/image_10.jpg 1 0 0 1024 1024
p/image_1.jpg 1 0 0 1024 1024